<?xml version="1.0" encoding="UTF-8"?>
<testng-results ignored="0" total="1" passed="1" failed="0" skipped="0">
  <reporter-output>
  </reporter-output>
  <suite started-at="2024-07-07T22:20:46 IST" name="Default suite" finished-at="2024-07-07T22:20:47 IST" duration-ms="952">
    <groups>
    </groups>
    <test started-at="2024-07-07T22:20:46 IST" name="Default test" finished-at="2024-07-07T22:20:47 IST" duration-ms="952">
      <class name="prac_auto.sumvalidation">
        <test-method signature="SumOfCourses()[pri:0, instance:prac_auto.sumvalidation@32eff876]" started-at="2024-07-07T22:20:46 IST" name="SumOfCourses" finished-at="2024-07-07T22:20:47 IST" duration-ms="892" status="PASS">
          <reporter-output>
          </reporter-output>
        </test-method> <!-- SumOfCourses -->
      </class> <!-- prac_auto.sumvalidation -->
    </test> <!-- Default test -->
  </suite> <!-- Default suite -->
</testng-results>
